Simulator report for Lab5
Wed Mar 30 15:26:16 2022
Quartus II 64-Bit Version 13.0.1 Build 232 06/12/2013 Service Pack 1 SJ Web Edition


---------------------
; Table of Contents ;
---------------------
  1. Legal Notice
  2. Simulator Summary
  3. Simulator Settings
  4. Simulation Waveforms
  5. Coverage Summary
  6. Complete 1/0-Value Coverage
  7. Missing 1-Value Coverage
  8. Missing 0-Value Coverage
  9. Simulator INI Usage
 10. Simulator Messages



----------------
; Legal Notice ;
----------------
Copyright (C) 1991-2013 Altera Corporation
Your use of Altera Corporation's design tools, logic functions 
and other software and tools, and its AMPP partner logic 
functions, and any output files from any of the foregoing 
(including device programming or simulation files), and any 
associated documentation or information are expressly subject 
to the terms and conditions of the Altera Program License 
Subscription Agreement, Altera MegaCore Function License 
Agreement, or other applicable license agreement, including, 
without limitation, that your use is for the sole purpose of 
programming logic devices manufactured by Altera and sold by 
Altera or its authorized distributors.  Please refer to the 
applicable agreement for further details.



+--------------------------------------------+
; Simulator Summary                          ;
+-----------------------------+--------------+
; Type                        ; Value        ;
+-----------------------------+--------------+
; Simulation Start Time       ; 0 ps         ;
; Simulation End Time         ; 30.0 us      ;
; Simulation Netlist Size     ; 325 nodes    ;
; Simulation Coverage         ;      76.62 % ;
; Total Number of Transitions ; 1334061      ;
; Simulation Breakpoints      ; 0            ;
; Family                      ; Cyclone II   ;
+-----------------------------+--------------+


+-------------------------------------------------------------------------------------------------------------------------------------------------------+
; Simulator Settings                                                                                                                                    ;
+--------------------------------------------------------------------------------------------+------------------------------------------+---------------+
; Option                                                                                     ; Setting                                  ; Default Value ;
+--------------------------------------------------------------------------------------------+------------------------------------------+---------------+
; Simulation mode                                                                            ; Functional                               ; Timing        ;
; Start time                                                                                 ; 0 ns                                     ; 0 ns          ;
; Simulation results format                                                                  ; VWF                                      ;               ;
; Vector input source                                                                        ; C:/altera/13.0sp1/labs/lab5/Waveform.vwf ;               ;
; Add pins automatically to simulation output waveforms                                      ; On                                       ; On            ;
; Check outputs                                                                              ; Off                                      ; Off           ;
; Report simulation coverage                                                                 ; On                                       ; On            ;
; Display complete 1/0 value coverage report                                                 ; On                                       ; On            ;
; Display missing 1-value coverage report                                                    ; On                                       ; On            ;
; Display missing 0-value coverage report                                                    ; On                                       ; On            ;
; Detect setup and hold time violations                                                      ; Off                                      ; Off           ;
; Detect glitches                                                                            ; Off                                      ; Off           ;
; Disable timing delays in Timing Simulation                                                 ; Off                                      ; Off           ;
; Generate Signal Activity File                                                              ; Off                                      ; Off           ;
; Generate VCD File for PowerPlay Power Analyzer                                             ; Off                                      ; Off           ;
; Group bus channels in simulation results                                                   ; Off                                      ; Off           ;
; Preserve fewer signal transitions to reduce memory requirements                            ; On                                       ; On            ;
; Trigger vector comparison with the specified mode                                          ; INPUT_EDGE                               ; INPUT_EDGE    ;
; Disable setup and hold time violations detection in input registers of bi-directional pins ; Off                                      ; Off           ;
; Overwrite Waveform Inputs With Simulation Outputs                                          ; Off                                      ;               ;
; Perform Glitch Filtering in Timing Simulation                                              ; Auto                                     ; Auto          ;
+--------------------------------------------------------------------------------------------+------------------------------------------+---------------+


+----------------------+
; Simulation Waveforms ;
+----------------------+
Waveform report data cannot be output to ASCII.
Please use Quartus II 64-Bit to view the waveform report data.


+--------------------------------------------------------------------+
; Coverage Summary                                                   ;
+-----------------------------------------------------+--------------+
; Type                                                ; Value        ;
+-----------------------------------------------------+--------------+
; Total coverage as a percentage                      ;      76.62 % ;
; Total nodes checked                                 ; 325          ;
; Total output ports checked                          ; 325          ;
; Total output ports with complete 1/0-value coverage ; 249          ;
; Total output ports with no 1/0-value coverage       ; 55           ;
; Total output ports with no 1-value coverage         ; 60           ;
; Total output ports with no 0-value coverage         ; 71           ;
+-----------------------------------------------------+--------------+


The following table displays output ports that toggle between 1 and 0 during simulation.
+--------------------------------------------------------------------------------------------------+
; Complete 1/0-Value Coverage                                                                      ;
+---------------------------------------+---------------------------------------+------------------+
; Node Name                             ; Output Port Name                      ; Output Port Type ;
+---------------------------------------+---------------------------------------+------------------+
; |secundomer|decimals_of_second_passed ; |secundomer|decimals_of_second_passed ; out0             ;
; |secundomer|second_passed             ; |secundomer|second_passed             ; out0             ;
; |secundomer|ten_seconds_passed        ; |secundomer|ten_seconds_passed        ; out0             ;
; |secundomer|pulse_counter~0           ; |secundomer|pulse_counter~0           ; out              ;
; |secundomer|pulse_counter~1           ; |secundomer|pulse_counter~1           ; out              ;
; |secundomer|pulse_counter~2           ; |secundomer|pulse_counter~2           ; out              ;
; |secundomer|pulse_counter~3           ; |secundomer|pulse_counter~3           ; out              ;
; |secundomer|pulse_counter~4           ; |secundomer|pulse_counter~4           ; out              ;
; |secundomer|pulse_counter~5           ; |secundomer|pulse_counter~5           ; out              ;
; |secundomer|pulse_counter~6           ; |secundomer|pulse_counter~6           ; out              ;
; |secundomer|pulse_counter~7           ; |secundomer|pulse_counter~7           ; out              ;
; |secundomer|pulse_counter~8           ; |secundomer|pulse_counter~8           ; out              ;
; |secundomer|pulse_counter~9           ; |secundomer|pulse_counter~9           ; out              ;
; |secundomer|pulse_counter~10          ; |secundomer|pulse_counter~10          ; out              ;
; |secundomer|pulse_counter~11          ; |secundomer|pulse_counter~11          ; out              ;
; |secundomer|pulse_counter~12          ; |secundomer|pulse_counter~12          ; out              ;
; |secundomer|pulse_counter~13          ; |secundomer|pulse_counter~13          ; out              ;
; |secundomer|pulse_counter~14          ; |secundomer|pulse_counter~14          ; out              ;
; |secundomer|pulse_counter~15          ; |secundomer|pulse_counter~15          ; out              ;
; |secundomer|pulse_counter~16          ; |secundomer|pulse_counter~16          ; out              ;
; |secundomer|pulse_counter~17          ; |secundomer|pulse_counter~17          ; out              ;
; |secundomer|pulse_counter~18          ; |secundomer|pulse_counter~18          ; out              ;
; |secundomer|pulse_counter[18]~reg0    ; |secundomer|pulse_counter[18]~reg0    ; regout           ;
; |secundomer|pulse_counter[17]~reg0    ; |secundomer|pulse_counter[17]~reg0    ; regout           ;
; |secundomer|pulse_counter[16]~reg0    ; |secundomer|pulse_counter[16]~reg0    ; regout           ;
; |secundomer|pulse_counter[15]~reg0    ; |secundomer|pulse_counter[15]~reg0    ; regout           ;
; |secundomer|pulse_counter[14]~reg0    ; |secundomer|pulse_counter[14]~reg0    ; regout           ;
; |secundomer|pulse_counter[13]~reg0    ; |secundomer|pulse_counter[13]~reg0    ; regout           ;
; |secundomer|pulse_counter[12]~reg0    ; |secundomer|pulse_counter[12]~reg0    ; regout           ;
; |secundomer|pulse_counter[11]~reg0    ; |secundomer|pulse_counter[11]~reg0    ; regout           ;
; |secundomer|pulse_counter[10]~reg0    ; |secundomer|pulse_counter[10]~reg0    ; regout           ;
; |secundomer|pulse_counter[9]~reg0     ; |secundomer|pulse_counter[9]~reg0     ; regout           ;
; |secundomer|pulse_counter[8]~reg0     ; |secundomer|pulse_counter[8]~reg0     ; regout           ;
; |secundomer|pulse_counter[7]~reg0     ; |secundomer|pulse_counter[7]~reg0     ; regout           ;
; |secundomer|pulse_counter[6]~reg0     ; |secundomer|pulse_counter[6]~reg0     ; regout           ;
; |secundomer|pulse_counter[5]~reg0     ; |secundomer|pulse_counter[5]~reg0     ; regout           ;
; |secundomer|pulse_counter[4]~reg0     ; |secundomer|pulse_counter[4]~reg0     ; regout           ;
; |secundomer|pulse_counter[3]~reg0     ; |secundomer|pulse_counter[3]~reg0     ; regout           ;
; |secundomer|pulse_counter[2]~reg0     ; |secundomer|pulse_counter[2]~reg0     ; regout           ;
; |secundomer|pulse_counter[1]~reg0     ; |secundomer|pulse_counter[1]~reg0     ; regout           ;
; |secundomer|pulse_counter_ms~0        ; |secundomer|pulse_counter_ms~0        ; out              ;
; |secundomer|pulse_counter_ms~1        ; |secundomer|pulse_counter_ms~1        ; out              ;
; |secundomer|pulse_counter_ms~2        ; |secundomer|pulse_counter_ms~2        ; out              ;
; |secundomer|pulse_counter_ms~3        ; |secundomer|pulse_counter_ms~3        ; out              ;
; |secundomer|pulse_counter[0]~reg0     ; |secundomer|pulse_counter[0]~reg0     ; regout           ;
; |secundomer|pulse_counter_ms[3]~reg0  ; |secundomer|pulse_counter_ms[3]~reg0  ; regout           ;
; |secundomer|pulse_counter_ms[2]~reg0  ; |secundomer|pulse_counter_ms[2]~reg0  ; regout           ;
; |secundomer|pulse_counter_ms[1]~reg0  ; |secundomer|pulse_counter_ms[1]~reg0  ; regout           ;
; |secundomer|pulse_counter_s~0         ; |secundomer|pulse_counter_s~0         ; out              ;
; |secundomer|pulse_counter_s~1         ; |secundomer|pulse_counter_s~1         ; out              ;
; |secundomer|pulse_counter_s~2         ; |secundomer|pulse_counter_s~2         ; out              ;
; |secundomer|pulse_counter_s~3         ; |secundomer|pulse_counter_s~3         ; out              ;
; |secundomer|pulse_counter_ms[0]~reg0  ; |secundomer|pulse_counter_ms[0]~reg0  ; regout           ;
; |secundomer|pulse_counter_s[3]~reg0   ; |secundomer|pulse_counter_s[3]~reg0   ; regout           ;
; |secundomer|pulse_counter_s[2]~reg0   ; |secundomer|pulse_counter_s[2]~reg0   ; regout           ;
; |secundomer|pulse_counter_s[1]~reg0   ; |secundomer|pulse_counter_s[1]~reg0   ; regout           ;
; |secundomer|pulse_counter_10s~0       ; |secundomer|pulse_counter_10s~0       ; out              ;
; |secundomer|pulse_counter_10s~1       ; |secundomer|pulse_counter_10s~1       ; out              ;
; |secundomer|pulse_counter_10s~2       ; |secundomer|pulse_counter_10s~2       ; out              ;
; |secundomer|pulse_counter_10s~3       ; |secundomer|pulse_counter_10s~3       ; out              ;
; |secundomer|pulse_counter_s[0]~reg0   ; |secundomer|pulse_counter_s[0]~reg0   ; regout           ;
; |secundomer|pulse_counter_10s[3]~reg0 ; |secundomer|pulse_counter_10s[3]~reg0 ; regout           ;
; |secundomer|pulse_counter_10s[2]~reg0 ; |secundomer|pulse_counter_10s[2]~reg0 ; regout           ;
; |secundomer|pulse_counter_10s[1]~reg0 ; |secundomer|pulse_counter_10s[1]~reg0 ; regout           ;
; |secundomer|pulse_counter_10s[0]~reg0 ; |secundomer|pulse_counter_10s[0]~reg0 ; regout           ;
; |secundomer|WideOr0                   ; |secundomer|WideOr0                   ; out0             ;
; |secundomer|WideOr1                   ; |secundomer|WideOr1                   ; out0             ;
; |secundomer|WideOr2                   ; |secundomer|WideOr2                   ; out0             ;
; |secundomer|WideOr3                   ; |secundomer|WideOr3                   ; out0             ;
; |secundomer|WideOr4                   ; |secundomer|WideOr4                   ; out0             ;
; |secundomer|WideOr5                   ; |secundomer|WideOr5                   ; out0             ;
; |secundomer|WideOr6                   ; |secundomer|WideOr6                   ; out0             ;
; |secundomer|HEX0~0                    ; |secundomer|HEX0~0                    ; out              ;
; |secundomer|HEX0~1                    ; |secundomer|HEX0~1                    ; out              ;
; |secundomer|HEX0~2                    ; |secundomer|HEX0~2                    ; out              ;
; |secundomer|HEX0~3                    ; |secundomer|HEX0~3                    ; out              ;
; |secundomer|HEX0~4                    ; |secundomer|HEX0~4                    ; out              ;
; |secundomer|HEX0~5                    ; |secundomer|HEX0~5                    ; out              ;
; |secundomer|HEX0~6                    ; |secundomer|HEX0~6                    ; out              ;
; |secundomer|WideOr7                   ; |secundomer|WideOr7                   ; out0             ;
; |secundomer|WideOr8                   ; |secundomer|WideOr8                   ; out0             ;
; |secundomer|WideOr9                   ; |secundomer|WideOr9                   ; out0             ;
; |secundomer|WideOr10                  ; |secundomer|WideOr10                  ; out0             ;
; |secundomer|WideOr11                  ; |secundomer|WideOr11                  ; out0             ;
; |secundomer|WideOr12                  ; |secundomer|WideOr12                  ; out0             ;
; |secundomer|WideOr13                  ; |secundomer|WideOr13                  ; out0             ;
; |secundomer|HEX1~0                    ; |secundomer|HEX1~0                    ; out              ;
; |secundomer|HEX1~1                    ; |secundomer|HEX1~1                    ; out              ;
; |secundomer|HEX1~2                    ; |secundomer|HEX1~2                    ; out              ;
; |secundomer|HEX1~3                    ; |secundomer|HEX1~3                    ; out              ;
; |secundomer|HEX1~4                    ; |secundomer|HEX1~4                    ; out              ;
; |secundomer|HEX1~5                    ; |secundomer|HEX1~5                    ; out              ;
; |secundomer|HEX1~6                    ; |secundomer|HEX1~6                    ; out              ;
; |secundomer|WideOr14                  ; |secundomer|WideOr14                  ; out0             ;
; |secundomer|WideOr15                  ; |secundomer|WideOr15                  ; out0             ;
; |secundomer|WideOr16                  ; |secundomer|WideOr16                  ; out0             ;
; |secundomer|WideOr17                  ; |secundomer|WideOr17                  ; out0             ;
; |secundomer|WideOr18                  ; |secundomer|WideOr18                  ; out0             ;
; |secundomer|WideOr19                  ; |secundomer|WideOr19                  ; out0             ;
; |secundomer|WideOr20                  ; |secundomer|WideOr20                  ; out0             ;
; |secundomer|HEX2~0                    ; |secundomer|HEX2~0                    ; out              ;
; |secundomer|HEX2~1                    ; |secundomer|HEX2~1                    ; out              ;
; |secundomer|HEX2~2                    ; |secundomer|HEX2~2                    ; out              ;
; |secundomer|HEX2~3                    ; |secundomer|HEX2~3                    ; out              ;
; |secundomer|HEX2~4                    ; |secundomer|HEX2~4                    ; out              ;
; |secundomer|HEX2~5                    ; |secundomer|HEX2~5                    ; out              ;
; |secundomer|HEX2~6                    ; |secundomer|HEX2~6                    ; out              ;
; |secundomer|KEY[0]                    ; |secundomer|KEY[0]                    ; out              ;
; |secundomer|CLOCK_50                  ; |secundomer|CLOCK_50                  ; out              ;
; |secundomer|pulse_counter[0]          ; |secundomer|pulse_counter[0]          ; pin_out          ;
; |secundomer|pulse_counter[1]          ; |secundomer|pulse_counter[1]          ; pin_out          ;
; |secundomer|pulse_counter[2]          ; |secundomer|pulse_counter[2]          ; pin_out          ;
; |secundomer|pulse_counter[3]          ; |secundomer|pulse_counter[3]          ; pin_out          ;
; |secundomer|pulse_counter[4]          ; |secundomer|pulse_counter[4]          ; pin_out          ;
; |secundomer|pulse_counter[5]          ; |secundomer|pulse_counter[5]          ; pin_out          ;
; |secundomer|pulse_counter[6]          ; |secundomer|pulse_counter[6]          ; pin_out          ;
; |secundomer|pulse_counter[7]          ; |secundomer|pulse_counter[7]          ; pin_out          ;
; |secundomer|pulse_counter[8]          ; |secundomer|pulse_counter[8]          ; pin_out          ;
; |secundomer|pulse_counter[9]          ; |secundomer|pulse_counter[9]          ; pin_out          ;
; |secundomer|pulse_counter[10]         ; |secundomer|pulse_counter[10]         ; pin_out          ;
; |secundomer|pulse_counter[11]         ; |secundomer|pulse_counter[11]         ; pin_out          ;
; |secundomer|pulse_counter[12]         ; |secundomer|pulse_counter[12]         ; pin_out          ;
; |secundomer|pulse_counter[13]         ; |secundomer|pulse_counter[13]         ; pin_out          ;
; |secundomer|pulse_counter[14]         ; |secundomer|pulse_counter[14]         ; pin_out          ;
; |secundomer|pulse_counter[15]         ; |secundomer|pulse_counter[15]         ; pin_out          ;
; |secundomer|pulse_counter[16]         ; |secundomer|pulse_counter[16]         ; pin_out          ;
; |secundomer|pulse_counter[17]         ; |secundomer|pulse_counter[17]         ; pin_out          ;
; |secundomer|pulse_counter[18]         ; |secundomer|pulse_counter[18]         ; pin_out          ;
; |secundomer|pulse_counter_ms[0]       ; |secundomer|pulse_counter_ms[0]       ; pin_out          ;
; |secundomer|pulse_counter_ms[1]       ; |secundomer|pulse_counter_ms[1]       ; pin_out          ;
; |secundomer|pulse_counter_ms[2]       ; |secundomer|pulse_counter_ms[2]       ; pin_out          ;
; |secundomer|pulse_counter_ms[3]       ; |secundomer|pulse_counter_ms[3]       ; pin_out          ;
; |secundomer|pulse_counter_s[0]        ; |secundomer|pulse_counter_s[0]        ; pin_out          ;
; |secundomer|pulse_counter_s[1]        ; |secundomer|pulse_counter_s[1]        ; pin_out          ;
; |secundomer|pulse_counter_s[2]        ; |secundomer|pulse_counter_s[2]        ; pin_out          ;
; |secundomer|pulse_counter_s[3]        ; |secundomer|pulse_counter_s[3]        ; pin_out          ;
; |secundomer|pulse_counter_10s[0]      ; |secundomer|pulse_counter_10s[0]      ; pin_out          ;
; |secundomer|pulse_counter_10s[1]      ; |secundomer|pulse_counter_10s[1]      ; pin_out          ;
; |secundomer|pulse_counter_10s[2]      ; |secundomer|pulse_counter_10s[2]      ; pin_out          ;
; |secundomer|pulse_counter_10s[3]      ; |secundomer|pulse_counter_10s[3]      ; pin_out          ;
; |secundomer|HEX0[0]                   ; |secundomer|HEX0[0]                   ; pin_out          ;
; |secundomer|HEX0[1]                   ; |secundomer|HEX0[1]                   ; pin_out          ;
; |secundomer|HEX0[2]                   ; |secundomer|HEX0[2]                   ; pin_out          ;
; |secundomer|HEX0[3]                   ; |secundomer|HEX0[3]                   ; pin_out          ;
; |secundomer|HEX0[4]                   ; |secundomer|HEX0[4]                   ; pin_out          ;
; |secundomer|HEX0[5]                   ; |secundomer|HEX0[5]                   ; pin_out          ;
; |secundomer|HEX0[6]                   ; |secundomer|HEX0[6]                   ; pin_out          ;
; |secundomer|HEX1[0]                   ; |secundomer|HEX1[0]                   ; pin_out          ;
; |secundomer|HEX1[1]                   ; |secundomer|HEX1[1]                   ; pin_out          ;
; |secundomer|HEX1[2]                   ; |secundomer|HEX1[2]                   ; pin_out          ;
; |secundomer|HEX1[3]                   ; |secundomer|HEX1[3]                   ; pin_out          ;
; |secundomer|HEX1[4]                   ; |secundomer|HEX1[4]                   ; pin_out          ;
; |secundomer|HEX1[5]                   ; |secundomer|HEX1[5]                   ; pin_out          ;
; |secundomer|HEX1[6]                   ; |secundomer|HEX1[6]                   ; pin_out          ;
; |secundomer|HEX2[0]                   ; |secundomer|HEX2[0]                   ; pin_out          ;
; |secundomer|HEX2[1]                   ; |secundomer|HEX2[1]                   ; pin_out          ;
; |secundomer|HEX2[2]                   ; |secundomer|HEX2[2]                   ; pin_out          ;
; |secundomer|HEX2[3]                   ; |secundomer|HEX2[3]                   ; pin_out          ;
; |secundomer|HEX2[4]                   ; |secundomer|HEX2[4]                   ; pin_out          ;
; |secundomer|HEX2[5]                   ; |secundomer|HEX2[5]                   ; pin_out          ;
; |secundomer|HEX2[6]                   ; |secundomer|HEX2[6]                   ; pin_out          ;
; |secundomer|Decoder0~0                ; |secundomer|Decoder0~0                ; out              ;
; |secundomer|Decoder0~1                ; |secundomer|Decoder0~1                ; out              ;
; |secundomer|Decoder0~2                ; |secundomer|Decoder0~2                ; out              ;
; |secundomer|Decoder0~3                ; |secundomer|Decoder0~3                ; out              ;
; |secundomer|Decoder0~4                ; |secundomer|Decoder0~4                ; out              ;
; |secundomer|Decoder0~5                ; |secundomer|Decoder0~5                ; out              ;
; |secundomer|Decoder0~6                ; |secundomer|Decoder0~6                ; out              ;
; |secundomer|Decoder0~7                ; |secundomer|Decoder0~7                ; out              ;
; |secundomer|Decoder0~8                ; |secundomer|Decoder0~8                ; out              ;
; |secundomer|Decoder1~0                ; |secundomer|Decoder1~0                ; out              ;
; |secundomer|Decoder1~1                ; |secundomer|Decoder1~1                ; out              ;
; |secundomer|Decoder1~2                ; |secundomer|Decoder1~2                ; out              ;
; |secundomer|Decoder1~3                ; |secundomer|Decoder1~3                ; out              ;
; |secundomer|Decoder1~4                ; |secundomer|Decoder1~4                ; out              ;
; |secundomer|Decoder1~5                ; |secundomer|Decoder1~5                ; out              ;
; |secundomer|Decoder1~6                ; |secundomer|Decoder1~6                ; out              ;
; |secundomer|Decoder1~7                ; |secundomer|Decoder1~7                ; out              ;
; |secundomer|Decoder1~8                ; |secundomer|Decoder1~8                ; out              ;
; |secundomer|Decoder2~0                ; |secundomer|Decoder2~0                ; out              ;
; |secundomer|Decoder2~1                ; |secundomer|Decoder2~1                ; out              ;
; |secundomer|Decoder2~2                ; |secundomer|Decoder2~2                ; out              ;
; |secundomer|Decoder2~3                ; |secundomer|Decoder2~3                ; out              ;
; |secundomer|Decoder2~4                ; |secundomer|Decoder2~4                ; out              ;
; |secundomer|Decoder2~5                ; |secundomer|Decoder2~5                ; out              ;
; |secundomer|Decoder2~6                ; |secundomer|Decoder2~6                ; out              ;
; |secundomer|Decoder2~7                ; |secundomer|Decoder2~7                ; out              ;
; |secundomer|Decoder2~8                ; |secundomer|Decoder2~8                ; out              ;
; |secundomer|Add0~0                    ; |secundomer|Add0~0                    ; out0             ;
; |secundomer|Add0~1                    ; |secundomer|Add0~1                    ; out0             ;
; |secundomer|Add0~2                    ; |secundomer|Add0~2                    ; out0             ;
; |secundomer|Add0~3                    ; |secundomer|Add0~3                    ; out0             ;
; |secundomer|Add0~4                    ; |secundomer|Add0~4                    ; out0             ;
; |secundomer|Add0~5                    ; |secundomer|Add0~5                    ; out0             ;
; |secundomer|Add0~6                    ; |secundomer|Add0~6                    ; out0             ;
; |secundomer|Add0~7                    ; |secundomer|Add0~7                    ; out0             ;
; |secundomer|Add0~8                    ; |secundomer|Add0~8                    ; out0             ;
; |secundomer|Add0~9                    ; |secundomer|Add0~9                    ; out0             ;
; |secundomer|Add0~10                   ; |secundomer|Add0~10                   ; out0             ;
; |secundomer|Add0~11                   ; |secundomer|Add0~11                   ; out0             ;
; |secundomer|Add0~12                   ; |secundomer|Add0~12                   ; out0             ;
; |secundomer|Add0~13                   ; |secundomer|Add0~13                   ; out0             ;
; |secundomer|Add0~14                   ; |secundomer|Add0~14                   ; out0             ;
; |secundomer|Add0~15                   ; |secundomer|Add0~15                   ; out0             ;
; |secundomer|Add0~16                   ; |secundomer|Add0~16                   ; out0             ;
; |secundomer|Add0~17                   ; |secundomer|Add0~17                   ; out0             ;
; |secundomer|Add0~18                   ; |secundomer|Add0~18                   ; out0             ;
; |secundomer|Add0~19                   ; |secundomer|Add0~19                   ; out0             ;
; |secundomer|Add0~20                   ; |secundomer|Add0~20                   ; out0             ;
; |secundomer|Add0~21                   ; |secundomer|Add0~21                   ; out0             ;
; |secundomer|Add0~22                   ; |secundomer|Add0~22                   ; out0             ;
; |secundomer|Add0~23                   ; |secundomer|Add0~23                   ; out0             ;
; |secundomer|Add0~24                   ; |secundomer|Add0~24                   ; out0             ;
; |secundomer|Add0~25                   ; |secundomer|Add0~25                   ; out0             ;
; |secundomer|Add0~26                   ; |secundomer|Add0~26                   ; out0             ;
; |secundomer|Add0~27                   ; |secundomer|Add0~27                   ; out0             ;
; |secundomer|Add0~28                   ; |secundomer|Add0~28                   ; out0             ;
; |secundomer|Add0~29                   ; |secundomer|Add0~29                   ; out0             ;
; |secundomer|Add0~30                   ; |secundomer|Add0~30                   ; out0             ;
; |secundomer|Add0~31                   ; |secundomer|Add0~31                   ; out0             ;
; |secundomer|Add0~32                   ; |secundomer|Add0~32                   ; out0             ;
; |secundomer|Add0~33                   ; |secundomer|Add0~33                   ; out0             ;
; |secundomer|Add0~35                   ; |secundomer|Add0~35                   ; out0             ;
; |secundomer|Add0~36                   ; |secundomer|Add0~36                   ; out0             ;
; |secundomer|Add0~37                   ; |secundomer|Add0~37                   ; out0             ;
; |secundomer|Add0~38                   ; |secundomer|Add0~38                   ; out0             ;
; |secundomer|Add0~39                   ; |secundomer|Add0~39                   ; out0             ;
; |secundomer|Add0~40                   ; |secundomer|Add0~40                   ; out0             ;
; |secundomer|Add0~41                   ; |secundomer|Add0~41                   ; out0             ;
; |secundomer|Add0~42                   ; |secundomer|Add0~42                   ; out0             ;
; |secundomer|Add1~0                    ; |secundomer|Add1~0                    ; out0             ;
; |secundomer|Add1~1                    ; |secundomer|Add1~1                    ; out0             ;
; |secundomer|Add1~2                    ; |secundomer|Add1~2                    ; out0             ;
; |secundomer|Add1~3                    ; |secundomer|Add1~3                    ; out0             ;
; |secundomer|Add1~4                    ; |secundomer|Add1~4                    ; out0             ;
; |secundomer|Add2~0                    ; |secundomer|Add2~0                    ; out0             ;
; |secundomer|Add2~1                    ; |secundomer|Add2~1                    ; out0             ;
; |secundomer|Add2~2                    ; |secundomer|Add2~2                    ; out0             ;
; |secundomer|Add2~3                    ; |secundomer|Add2~3                    ; out0             ;
; |secundomer|Add2~4                    ; |secundomer|Add2~4                    ; out0             ;
; |secundomer|Add3~0                    ; |secundomer|Add3~0                    ; out0             ;
; |secundomer|Add3~1                    ; |secundomer|Add3~1                    ; out0             ;
; |secundomer|Add3~2                    ; |secundomer|Add3~2                    ; out0             ;
; |secundomer|Add3~3                    ; |secundomer|Add3~3                    ; out0             ;
; |secundomer|Add3~4                    ; |secundomer|Add3~4                    ; out0             ;
; |secundomer|Equal0~0                  ; |secundomer|Equal0~0                  ; out0             ;
; |secundomer|Equal1~0                  ; |secundomer|Equal1~0                  ; out0             ;
; |secundomer|Equal2~0                  ; |secundomer|Equal2~0                  ; out0             ;
; |secundomer|Equal3~0                  ; |secundomer|Equal3~0                  ; out0             ;
+---------------------------------------+---------------------------------------+------------------+


The following table displays output ports that do not toggle to 1 during simulation.
+----------------------------------------------------------------------------------------------------+
; Missing 1-Value Coverage                                                                           ;
+----------------------------------------+----------------------------------------+------------------+
; Node Name                              ; Output Port Name                       ; Output Port Type ;
+----------------------------------------+----------------------------------------+------------------+
; |secundomer|pulse_counter_100s~0       ; |secundomer|pulse_counter_100s~0       ; out              ;
; |secundomer|pulse_counter_100s~1       ; |secundomer|pulse_counter_100s~1       ; out              ;
; |secundomer|pulse_counter_100s~3       ; |secundomer|pulse_counter_100s~3       ; out              ;
; |secundomer|pulse_counter_100s[3]~reg0 ; |secundomer|pulse_counter_100s[3]~reg0 ; regout           ;
; |secundomer|pulse_counter_100s[2]~reg0 ; |secundomer|pulse_counter_100s[2]~reg0 ; regout           ;
; |secundomer|pulse_counter_100s[1]~reg0 ; |secundomer|pulse_counter_100s[1]~reg0 ; regout           ;
; |secundomer|WideOr21                   ; |secundomer|WideOr21                   ; out0             ;
; |secundomer|WideOr22                   ; |secundomer|WideOr22                   ; out0             ;
; |secundomer|WideOr23                   ; |secundomer|WideOr23                   ; out0             ;
; |secundomer|WideOr24                   ; |secundomer|WideOr24                   ; out0             ;
; |secundomer|WideOr25                   ; |secundomer|WideOr25                   ; out0             ;
; |secundomer|WideOr26                   ; |secundomer|WideOr26                   ; out0             ;
; |secundomer|HEX3~0                     ; |secundomer|HEX3~0                     ; out              ;
; |secundomer|HEX3~4                     ; |secundomer|HEX3~4                     ; out              ;
; |secundomer|HEX3~5                     ; |secundomer|HEX3~5                     ; out              ;
; |secundomer|KEY[1]                     ; |secundomer|KEY[1]                     ; out              ;
; |secundomer|pulse_counter_100s[1]      ; |secundomer|pulse_counter_100s[1]      ; pin_out          ;
; |secundomer|pulse_counter_100s[2]      ; |secundomer|pulse_counter_100s[2]      ; pin_out          ;
; |secundomer|pulse_counter_100s[3]      ; |secundomer|pulse_counter_100s[3]      ; pin_out          ;
; |secundomer|HEX3[1]                    ; |secundomer|HEX3[1]                    ; pin_out          ;
; |secundomer|HEX3[2]                    ; |secundomer|HEX3[2]                    ; pin_out          ;
; |secundomer|HEX3[6]                    ; |secundomer|HEX3[6]                    ; pin_out          ;
; |secundomer|Decoder0~9                 ; |secundomer|Decoder0~9                 ; out              ;
; |secundomer|Decoder0~10                ; |secundomer|Decoder0~10                ; out              ;
; |secundomer|Decoder0~11                ; |secundomer|Decoder0~11                ; out              ;
; |secundomer|Decoder0~12                ; |secundomer|Decoder0~12                ; out              ;
; |secundomer|Decoder0~13                ; |secundomer|Decoder0~13                ; out              ;
; |secundomer|Decoder0~14                ; |secundomer|Decoder0~14                ; out              ;
; |secundomer|Decoder1~9                 ; |secundomer|Decoder1~9                 ; out              ;
; |secundomer|Decoder1~10                ; |secundomer|Decoder1~10                ; out              ;
; |secundomer|Decoder1~11                ; |secundomer|Decoder1~11                ; out              ;
; |secundomer|Decoder1~12                ; |secundomer|Decoder1~12                ; out              ;
; |secundomer|Decoder1~13                ; |secundomer|Decoder1~13                ; out              ;
; |secundomer|Decoder1~14                ; |secundomer|Decoder1~14                ; out              ;
; |secundomer|Decoder2~9                 ; |secundomer|Decoder2~9                 ; out              ;
; |secundomer|Decoder2~10                ; |secundomer|Decoder2~10                ; out              ;
; |secundomer|Decoder2~11                ; |secundomer|Decoder2~11                ; out              ;
; |secundomer|Decoder2~12                ; |secundomer|Decoder2~12                ; out              ;
; |secundomer|Decoder2~13                ; |secundomer|Decoder2~13                ; out              ;
; |secundomer|Decoder2~14                ; |secundomer|Decoder2~14                ; out              ;
; |secundomer|Decoder3~0                 ; |secundomer|Decoder3~0                 ; out              ;
; |secundomer|Decoder3~2                 ; |secundomer|Decoder3~2                 ; out              ;
; |secundomer|Decoder3~3                 ; |secundomer|Decoder3~3                 ; out              ;
; |secundomer|Decoder3~4                 ; |secundomer|Decoder3~4                 ; out              ;
; |secundomer|Decoder3~5                 ; |secundomer|Decoder3~5                 ; out              ;
; |secundomer|Decoder3~6                 ; |secundomer|Decoder3~6                 ; out              ;
; |secundomer|Decoder3~7                 ; |secundomer|Decoder3~7                 ; out              ;
; |secundomer|Decoder3~8                 ; |secundomer|Decoder3~8                 ; out              ;
; |secundomer|Decoder3~9                 ; |secundomer|Decoder3~9                 ; out              ;
; |secundomer|Decoder3~10                ; |secundomer|Decoder3~10                ; out              ;
; |secundomer|Decoder3~11                ; |secundomer|Decoder3~11                ; out              ;
; |secundomer|Decoder3~12                ; |secundomer|Decoder3~12                ; out              ;
; |secundomer|Decoder3~13                ; |secundomer|Decoder3~13                ; out              ;
; |secundomer|Decoder3~14                ; |secundomer|Decoder3~14                ; out              ;
; |secundomer|Add0~34                    ; |secundomer|Add0~34                    ; out0             ;
; |secundomer|Add4~1                     ; |secundomer|Add4~1                     ; out0             ;
; |secundomer|Add4~2                     ; |secundomer|Add4~2                     ; out0             ;
; |secundomer|Add4~3                     ; |secundomer|Add4~3                     ; out0             ;
; |secundomer|Add4~4                     ; |secundomer|Add4~4                     ; out0             ;
; |secundomer|Equal4~0                   ; |secundomer|Equal4~0                   ; out0             ;
+----------------------------------------+----------------------------------------+------------------+


The following table displays output ports that do not toggle to 0 during simulation.
+----------------------------------------------------------------------------------------------------+
; Missing 0-Value Coverage                                                                           ;
+----------------------------------------+----------------------------------------+------------------+
; Node Name                              ; Output Port Name                       ; Output Port Type ;
+----------------------------------------+----------------------------------------+------------------+
; |secundomer|always1~0                  ; |secundomer|always1~0                  ; out0             ;
; |secundomer|device_running             ; |secundomer|device_running             ; regout           ;
; |secundomer|pulse_counter_100s~0       ; |secundomer|pulse_counter_100s~0       ; out              ;
; |secundomer|pulse_counter_100s~1       ; |secundomer|pulse_counter_100s~1       ; out              ;
; |secundomer|pulse_counter_100s~2       ; |secundomer|pulse_counter_100s~2       ; out              ;
; |secundomer|pulse_counter_100s[3]~reg0 ; |secundomer|pulse_counter_100s[3]~reg0 ; regout           ;
; |secundomer|pulse_counter_100s[2]~reg0 ; |secundomer|pulse_counter_100s[2]~reg0 ; regout           ;
; |secundomer|pulse_counter_100s[1]~reg0 ; |secundomer|pulse_counter_100s[1]~reg0 ; regout           ;
; |secundomer|WideOr21                   ; |secundomer|WideOr21                   ; out0             ;
; |secundomer|WideOr25                   ; |secundomer|WideOr25                   ; out0             ;
; |secundomer|WideOr26                   ; |secundomer|WideOr26                   ; out0             ;
; |secundomer|pulse_counter_100s[0]~reg0 ; |secundomer|pulse_counter_100s[0]~reg0 ; regout           ;
; |secundomer|WideOr27                   ; |secundomer|WideOr27                   ; out0             ;
; |secundomer|HEX3~0                     ; |secundomer|HEX3~0                     ; out              ;
; |secundomer|HEX3~1                     ; |secundomer|HEX3~1                     ; out              ;
; |secundomer|HEX3~2                     ; |secundomer|HEX3~2                     ; out              ;
; |secundomer|HEX3~3                     ; |secundomer|HEX3~3                     ; out              ;
; |secundomer|HEX3~4                     ; |secundomer|HEX3~4                     ; out              ;
; |secundomer|HEX3~5                     ; |secundomer|HEX3~5                     ; out              ;
; |secundomer|HEX3~6                     ; |secundomer|HEX3~6                     ; out              ;
; |secundomer|KEY[1]                     ; |secundomer|KEY[1]                     ; out              ;
; |secundomer|pulse_counter_100s[0]      ; |secundomer|pulse_counter_100s[0]      ; pin_out          ;
; |secundomer|pulse_counter_100s[1]      ; |secundomer|pulse_counter_100s[1]      ; pin_out          ;
; |secundomer|pulse_counter_100s[2]      ; |secundomer|pulse_counter_100s[2]      ; pin_out          ;
; |secundomer|pulse_counter_100s[3]      ; |secundomer|pulse_counter_100s[3]      ; pin_out          ;
; |secundomer|HEX3[0]                    ; |secundomer|HEX3[0]                    ; pin_out          ;
; |secundomer|HEX3[1]                    ; |secundomer|HEX3[1]                    ; pin_out          ;
; |secundomer|HEX3[2]                    ; |secundomer|HEX3[2]                    ; pin_out          ;
; |secundomer|HEX3[3]                    ; |secundomer|HEX3[3]                    ; pin_out          ;
; |secundomer|HEX3[4]                    ; |secundomer|HEX3[4]                    ; pin_out          ;
; |secundomer|HEX3[5]                    ; |secundomer|HEX3[5]                    ; pin_out          ;
; |secundomer|HEX3[6]                    ; |secundomer|HEX3[6]                    ; pin_out          ;
; |secundomer|Decoder0~9                 ; |secundomer|Decoder0~9                 ; out              ;
; |secundomer|Decoder0~10                ; |secundomer|Decoder0~10                ; out              ;
; |secundomer|Decoder0~11                ; |secundomer|Decoder0~11                ; out              ;
; |secundomer|Decoder0~12                ; |secundomer|Decoder0~12                ; out              ;
; |secundomer|Decoder0~13                ; |secundomer|Decoder0~13                ; out              ;
; |secundomer|Decoder0~14                ; |secundomer|Decoder0~14                ; out              ;
; |secundomer|Decoder1~9                 ; |secundomer|Decoder1~9                 ; out              ;
; |secundomer|Decoder1~10                ; |secundomer|Decoder1~10                ; out              ;
; |secundomer|Decoder1~11                ; |secundomer|Decoder1~11                ; out              ;
; |secundomer|Decoder1~12                ; |secundomer|Decoder1~12                ; out              ;
; |secundomer|Decoder1~13                ; |secundomer|Decoder1~13                ; out              ;
; |secundomer|Decoder1~14                ; |secundomer|Decoder1~14                ; out              ;
; |secundomer|Decoder2~9                 ; |secundomer|Decoder2~9                 ; out              ;
; |secundomer|Decoder2~10                ; |secundomer|Decoder2~10                ; out              ;
; |secundomer|Decoder2~11                ; |secundomer|Decoder2~11                ; out              ;
; |secundomer|Decoder2~12                ; |secundomer|Decoder2~12                ; out              ;
; |secundomer|Decoder2~13                ; |secundomer|Decoder2~13                ; out              ;
; |secundomer|Decoder2~14                ; |secundomer|Decoder2~14                ; out              ;
; |secundomer|Decoder3~1                 ; |secundomer|Decoder3~1                 ; out              ;
; |secundomer|Decoder3~2                 ; |secundomer|Decoder3~2                 ; out              ;
; |secundomer|Decoder3~3                 ; |secundomer|Decoder3~3                 ; out              ;
; |secundomer|Decoder3~4                 ; |secundomer|Decoder3~4                 ; out              ;
; |secundomer|Decoder3~5                 ; |secundomer|Decoder3~5                 ; out              ;
; |secundomer|Decoder3~6                 ; |secundomer|Decoder3~6                 ; out              ;
; |secundomer|Decoder3~7                 ; |secundomer|Decoder3~7                 ; out              ;
; |secundomer|Decoder3~8                 ; |secundomer|Decoder3~8                 ; out              ;
; |secundomer|Decoder3~9                 ; |secundomer|Decoder3~9                 ; out              ;
; |secundomer|Decoder3~10                ; |secundomer|Decoder3~10                ; out              ;
; |secundomer|Decoder3~11                ; |secundomer|Decoder3~11                ; out              ;
; |secundomer|Decoder3~12                ; |secundomer|Decoder3~12                ; out              ;
; |secundomer|Decoder3~13                ; |secundomer|Decoder3~13                ; out              ;
; |secundomer|Decoder3~14                ; |secundomer|Decoder3~14                ; out              ;
; |secundomer|Add0~34                    ; |secundomer|Add0~34                    ; out0             ;
; |secundomer|Add4~0                     ; |secundomer|Add4~0                     ; out0             ;
; |secundomer|Add4~1                     ; |secundomer|Add4~1                     ; out0             ;
; |secundomer|Add4~2                     ; |secundomer|Add4~2                     ; out0             ;
; |secundomer|Add4~3                     ; |secundomer|Add4~3                     ; out0             ;
; |secundomer|Add4~4                     ; |secundomer|Add4~4                     ; out0             ;
; |secundomer|Equal4~0                   ; |secundomer|Equal4~0                   ; out0             ;
+----------------------------------------+----------------------------------------+------------------+


+---------------------+
; Simulator INI Usage ;
+--------+------------+
; Option ; Usage      ;
+--------+------------+


+--------------------+
; Simulator Messages ;
+--------------------+
Info: *******************************************************************
Info: Running Quartus II 64-Bit Simulator
    Info: Version 13.0.1 Build 232 06/12/2013 Service Pack 1 SJ Web Edition
    Info: Processing started: Wed Mar 30 15:26:15 2022
Info: Command: quartus_sim --simulation_results_format=VWF Lab5 -c Lab5
Info (324025): Using vector source file "C:/altera/13.0sp1/labs/lab5/Waveform.vwf"
Info (310003): Option to preserve fewer signal transitions to reduce memory requirements is enabled
    Info (310004): Simulation has been partitioned into sub-simulations according to the maximum transition count determined by the engine. Transitions from memory will be flushed out to disk at the end of each sub-simulation to reduce memory requirements.
Info (310002): Simulation partitioned into 1 sub-simulations
Info (328053): Simulation coverage is      76.62 %
Info (328052): Number of transitions in simulation is 1334061
Info (324045): Vector file Lab5.sim.vwf is saved in VWF text format. You can compress it into CVWF format in order to reduce file size. For more details please refer to the Quartus II Help.
Info: Quartus II 64-Bit Simulator was successful. 0 errors, 0 warnings
    Info: Peak virtual memory: 4440 megabytes
    Info: Processing ended: Wed Mar 30 15:26:16 2022
    Info: Elapsed time: 00:00:01
    Info: Total CPU time (on all processors): 00:00:01


